2013-07-01 15:23:44,675 - defaut - INFO - Démarrage Domolas
2013-07-01 15:23:44,684 - defaut - DEBUG - création capteur de température et humidité  "capteur t° n° 0" sur pin 17
2013-07-01 15:23:44,688 - defaut - DEBUG - [getTemp]time(1372685024.688306) - _timeMesure(1372680014.68396) = 5010.004357099533 > _ageMax(5000)
2013-07-01 15:23:45,231 - defaut - DEBUG - trame lireValeur = b'Using pin #17\nData (40): 0x2 0xe1 0x0 0xbd 0xa0\nTemp =  18.9 *C, Hum = 73.7 %\n'
2013-07-01 15:23:45,248 - defaut - DEBUG - Temperature: 18.9 C
2013-07-01 15:23:45,252 - defaut - DEBUG - Humidité:    73.7 %
2013-07-01 15:23:45,258 - defaut - DEBUG - [getTemp]time(1372685025.258067) - _timeMesure(1372685025.247832) = 0.01024484634399414 > _ageMax(5000)
2013-07-01 15:23:45,267 - defaut - DEBUG - création capteur de température et humidité  "capteur t° n° 1" sur pin 17
2013-07-01 15:23:45,271 - defaut - DEBUG - [getTemp]time(1372685025.270969) - _timeMesure(1372680015.267099) = 5010.003879070282 > _ageMax(5000)
2013-07-01 15:23:45,813 - defaut - DEBUG - trame lireValeur = b'Using pin #17\nData (40): 0x2 0xe8 0x0 0xbd 0xa7\nTemp =  18.9 *C, Hum = 74.4 %\n'
2013-07-01 15:23:45,818 - defaut - DEBUG - Temperature: 18.9 C
2013-07-01 15:23:45,823 - defaut - DEBUG - Humidité:    74.4 %
2013-07-01 15:23:45,829 - defaut - DEBUG - [getTemp]time(1372685025.828996) - _timeMesure(1372685025.818465) = 0.010540008544921875 > _ageMax(5000)
2013-07-01 15:23:45,835 - defaut - INFO - Arret Domolas
2013-07-01 15:25:49,698 - defaut - INFO - Démarrage Domolas
2013-07-01 15:25:49,703 - defaut - DEBUG - Composant "capteur t° n° 0" sur pin 17
2013-07-01 15:25:49,707 - defaut - DEBUG - création capteur de température et humidité  "capteur t° n° 0" sur pin 17
2013-07-01 15:25:49,712 - defaut - DEBUG - [getTemp]time(1372685149.711934) - _timeMesure(1372680139.707572) = 5010.004370927811 > _ageMax(5000)
2013-07-01 15:25:50,254 - defaut - DEBUG - trame lireValeur = b'Using pin #17\nData (40): 0x2 0xde 0x0 0xbc 0x1c\n'
2013-07-01 15:25:51,880 - defaut - DEBUG - [lireValeur][temp not match]
2013-07-01 15:25:55,431 - defaut - DEBUG - trame lireValeur = b'Using pin #17\nData (40): 0x2 0xe1 0x0 0xbd 0xa0\nTemp =  18.9 *C, Hum = 73.7 %\n'
2013-07-01 15:25:55,454 - defaut - DEBUG - Temperature: 18.9 C
2013-07-01 15:25:55,459 - defaut - DEBUG - Humidité:    73.7 %
2013-07-01 15:25:55,465 - defaut - DEBUG - [getTemp]time(1372685155.464994) - _timeMesure(1372685155.454581) = 0.010421037673950195 > _ageMax(5000)
2013-07-01 15:25:55,471 - defaut - DEBUG - Composant "capteur t° n° 1" sur pin 17
2013-07-01 15:25:55,475 - defaut - DEBUG - création capteur de température et humidité  "capteur t° n° 1" sur pin 17
2013-07-01 15:25:55,479 - defaut - DEBUG - [getTemp]time(1372685155.478815) - _timeMesure(1372680145.474938) = 5010.003887176514 > _ageMax(5000)
2013-07-01 15:25:56,020 - defaut - DEBUG - trame lireValeur = b'Using pin #17\nData (40): 0x2 0xe8 0x0 0xbd 0xa7\nTemp =  18.9 *C, Hum = 74.4 %\n'
2013-07-01 15:25:56,026 - defaut - DEBUG - Temperature: 18.9 C
2013-07-01 15:25:56,030 - defaut - DEBUG - Humidité:    74.4 %
2013-07-01 15:25:56,036 - defaut - DEBUG - [getTemp]time(1372685156.036349) - _timeMesure(1372685156.025951) = 0.010407209396362305 > _ageMax(5000)
2013-07-01 15:25:56,042 - defaut - INFO - Arret Domolas
2013-07-01 15:27:05,999 - defaut - INFO - Démarrage Domolas
2013-07-01 15:27:06,004 - defaut - DEBUG - Composant "capteur t° n° 0" sur pin 17
2013-07-01 15:27:06,008 - defaut - DEBUG - création capteur de température et humidité  "capteur t° n° 0" sur pin 17
2013-07-01 15:27:06,013 - defaut - DEBUG - [getTemp]time(1372685226.012698) - _timeMesure(1372680216.008298) = 5010.004410028458 > _ageMax(5000)
2013-07-01 15:27:06,556 - defaut - DEBUG - trame lireValeur = b'Using pin #17\nData (40): 0x2 0xe1 0x0 0xbd 0xa0\nTemp =  18.9 *C, Hum = 73.7 %\n'
2013-07-01 15:27:06,573 - defaut - DEBUG - Temperature: 18.9 C
2013-07-01 15:27:06,578 - defaut - DEBUG - Humidité:    73.7 %
2013-07-01 15:27:06,584 - defaut - DEBUG - [getTemp]time(1372685226.584276) - _timeMesure(1372685226.573463) = 0.010822057723999023 > _ageMax(5000)
2013-07-01 15:27:06,591 - defaut - DEBUG - Composant "capteur t° n° 1" sur pin 17
2013-07-01 15:27:06,595 - defaut - DEBUG - création capteur de température et humidité  "capteur t° n° 1" sur pin 17
2013-07-01 15:27:06,600 - defaut - DEBUG - [getTemp]time(1372685226.600101) - _timeMesure(1372680216.595377) = 5010.004734039307 > _ageMax(5000)
2013-07-01 15:27:07,143 - defaut - DEBUG - trame lireValeur = b'Using pin #17\nData (40): 0x2 0xe8 0x0 0xbd 0xa7\nTemp =  18.9 *C, Hum = 74.4 %\n'
2013-07-01 15:27:07,149 - defaut - DEBUG - Temperature: 18.9 C
2013-07-01 15:27:07,153 - defaut - DEBUG - Humidité:    74.4 %
2013-07-01 15:27:07,159 - defaut - DEBUG - [getTemp]time(1372685227.159296) - _timeMesure(1372685227.14885) = 0.010456085205078125 > _ageMax(5000)
2013-07-01 15:27:07,165 - defaut - INFO - Arret Domolas
2013-07-01 15:27:30,125 - defaut - INFO - 
2013-07-01 15:27:30,130 - defaut - INFO - Démarrage Domolas
2013-07-01 15:27:30,134 - defaut - DEBUG - Composant "capteur t° n° 0" sur pin 17
2013-07-01 15:27:30,138 - defaut - DEBUG - création capteur de température et humidité  "capteur t° n° 0" sur pin 17
2013-07-01 15:27:30,143 - defaut - DEBUG - [getTemp]time(1372685250.14297) - _timeMesure(1372680240.138534) = 5010.004446029663 > _ageMax(5000)
2013-07-01 15:27:30,687 - defaut - DEBUG - trame lireValeur = b'Using pin #17\nData (40): 0x2 0xe1 0x0 0xbd 0xa0\nTemp =  18.9 *C, Hum = 73.7 %\n'
2013-07-01 15:27:30,704 - defaut - DEBUG - Temperature: 18.9 C
2013-07-01 15:27:30,709 - defaut - DEBUG - Humidité:    73.7 %
2013-07-01 15:27:30,715 - defaut - DEBUG - [getTemp]time(1372685250.715192) - _timeMesure(1372685250.704352) = 0.0108489990234375 > _ageMax(5000)
2013-07-01 15:27:30,721 - defaut - DEBUG - Composant "capteur t° n° 1" sur pin 17
2013-07-01 15:27:30,726 - defaut - DEBUG - création capteur de température et humidité  "capteur t° n° 1" sur pin 17
2013-07-01 15:27:30,731 - defaut - DEBUG - [getTemp]time(1372685250.730565) - _timeMesure(1372680240.725846) = 5010.0047290325165 > _ageMax(5000)
2013-07-01 15:27:31,274 - defaut - DEBUG - trame lireValeur = b'Using pin #17\nData (40): 0x2 0xe8 0x0 0xb9 0xa7\n'
2013-07-01 15:27:31,279 - defaut - DEBUG - [lireValeur][temp not match]
2013-07-01 15:27:34,825 - defaut - DEBUG - trame lireValeur = b'Using pin #17\nData (40): 0x2 0xe1 0x0 0xbd 0xa0\nTemp =  18.9 *C, Hum = 73.7 %\n'
2013-07-01 15:27:34,830 - defaut - DEBUG - Temperature: 18.9 C
2013-07-01 15:27:34,834 - defaut - DEBUG - Humidité:    73.7 %
2013-07-01 15:27:34,841 - defaut - DEBUG - [getTemp]time(1372685254.840584) - _timeMesure(1372685254.830231) = 0.01036214828491211 > _ageMax(5000)
2013-07-01 15:27:34,847 - defaut - INFO - Arret Domolas
2013-07-01 15:27:50,230 - defaut - INFO - ============================================================
2013-07-01 15:27:50,235 - defaut - INFO - Démarrage Domolas
2013-07-01 15:27:50,240 - defaut - DEBUG - Composant "capteur t° n° 0" sur pin 17
2013-07-01 15:27:50,245 - defaut - DEBUG - création capteur de température et humidité  "capteur t° n° 0" sur pin 17
2013-07-01 15:27:50,249 - defaut - DEBUG - [getTemp]time(1372685270.249306) - _timeMesure(1372680260.244955) = 5010.00436091423 > _ageMax(5000)
2013-07-01 15:27:50,793 - defaut - DEBUG - trame lireValeur = b'Using pin #17\nData (40): 0x2 0xe0 0x0 0xbd 0x9f\nTemp =  18.9 *C, Hum = 73.6 %\n'
2013-07-01 15:27:50,811 - defaut - DEBUG - Temperature: 18.9 C
2013-07-01 15:27:50,815 - defaut - DEBUG - Humidité:    73.6 %
2013-07-01 15:27:50,822 - defaut - DEBUG - [getTemp]time(1372685270.821927) - _timeMesure(1372685270.810951) = 0.010986089706420898 > _ageMax(5000)
2013-07-01 15:27:50,828 - defaut - DEBUG - Composant "capteur t° n° 1" sur pin 17
2013-07-01 15:27:50,833 - defaut - DEBUG - création capteur de température et humidité  "capteur t° n° 1" sur pin 17
2013-07-01 15:27:50,837 - defaut - DEBUG - [getTemp]time(1372685270.837414) - _timeMesure(1372680260.832781) = 5010.004642963409 > _ageMax(5000)
2013-07-01 15:27:51,381 - defaut - DEBUG - trame lireValeur = b'Using pin #17\nData (40): 0x2 0xe7 0x0 0xbd 0xa6\nTemp =  18.9 *C, Hum = 74.3 %\n'
2013-07-01 15:27:51,403 - defaut - DEBUG - Temperature: 18.9 C
2013-07-01 15:27:51,409 - defaut - DEBUG - Humidité:    74.3 %
2013-07-01 15:27:51,416 - defaut - DEBUG - [getTemp]time(1372685271.415728) - _timeMesure(1372685271.40279) = 0.012948036193847656 > _ageMax(5000)
2013-07-01 15:27:51,422 - defaut - INFO - Arret Domolas
2013-07-01 15:29:53,998:defaut:INFO:test: ============================================================
2013-07-01 15:29:54,569:defaut:INFO:test: Démarrage Domolas
2013-07-01 15:29:54,576:defaut:DEBUG:composant: Composant "capteur t° n° 0" sur pin 17
2013-07-01 15:29:54,581:defaut:DEBUG:temphumi: création capteur de température et humidité  "capteur t° n° 0" sur pin 17
2013-07-01 15:29:54,585:defaut:DEBUG:temphumi: [getTemp]time(1372685394.585394) - _timeMesure(1372680384.580907) = 5010.00449681282 > _ageMax(5000)
2013-07-01 15:29:55,129:defaut:DEBUG:temphumi: trame lireValeur = b'Using pin #17\nData (40): 0x2 0xe1 0x0 0xbd 0xa0\nTemp =  18.9 *C, Hum = 73.7 %\n'
2013-07-01 15:29:55,146:defaut:DEBUG:temphumi: Temperature: 18.9 C
2013-07-01 15:29:55,151:defaut:DEBUG:temphumi: Humidité:    73.7 %
2013-07-01 15:29:55,157:defaut:DEBUG:temphumi: [getTemp]time(1372685395.157388) - _timeMesure(1372685395.146442) = 0.010957002639770508 > _ageMax(5000)
2013-07-01 15:29:55,164:defaut:DEBUG:composant: Composant "capteur t° n° 1" sur pin 17
2013-07-01 15:29:55,168:defaut:DEBUG:temphumi: création capteur de température et humidité  "capteur t° n° 1" sur pin 17
2013-07-01 15:29:55,173:defaut:DEBUG:temphumi: [getTemp]time(1372685395.173159) - _timeMesure(1372680385.168331) = 5010.004837989807 > _ageMax(5000)
2013-07-01 15:29:55,717:defaut:DEBUG:temphumi: trame lireValeur = b'Using pin #17\nData (40): 0x2 0xe8 0x0 0xbd 0xa7\nTemp =  18.9 *C, Hum = 74.4 %\n'
2013-07-01 15:29:55,722:defaut:DEBUG:temphumi: Temperature: 18.9 C
2013-07-01 15:29:55,727:defaut:DEBUG:temphumi: Humidité:    74.4 %
2013-07-01 15:29:55,733:defaut:DEBUG:temphumi: [getTemp]time(1372685395.733034) - _timeMesure(1372685395.722489) = 0.010556936264038086 > _ageMax(5000)
2013-07-01 15:29:55,739:defaut:INFO:test: Arret Domolas
2013-07-01 15:30:45,256 - INFO - test -  ============================================================
2013-07-01 15:30:45,261 - INFO - test -  Démarrage Domolas
2013-07-01 15:30:45,265 - DEBUG - composant -  Composant "capteur t° n° 0" sur pin 17
2013-07-01 15:30:45,269 - DEBUG - temphumi -  création capteur de température et humidité  "capteur t° n° 0" sur pin 17
2013-07-01 15:30:45,274 - DEBUG - temphumi -  [getTemp]time(1372685445.274094) - _timeMesure(1372680435.26959) = 5010.004515171051 > _ageMax(5000)
2013-07-01 15:30:45,818 - DEBUG - temphumi -  trame lireValeur = b'Using pin #17\nData (40): 0x2 0xde 0x0 0xbd 0x9d\nTemp =  18.9 *C, Hum = 73.4 %\n'
2013-07-01 15:30:45,836 - DEBUG - temphumi -  Temperature: 18.9 C
2013-07-01 15:30:45,840 - DEBUG - temphumi -  Humidité:    73.4 %
2013-07-01 15:30:45,847 - DEBUG - temphumi -  [getTemp]time(1372685445.846702) - _timeMesure(1372685445.835709) = 0.011003971099853516 > _ageMax(5000)
2013-07-01 15:30:45,853 - DEBUG - composant -  Composant "capteur t° n° 1" sur pin 17
2013-07-01 15:30:45,857 - DEBUG - temphumi -  création capteur de température et humidité  "capteur t° n° 1" sur pin 17
2013-07-01 15:30:45,862 - DEBUG - temphumi -  [getTemp]time(1372685445.862172) - _timeMesure(1372680435.857352) = 5010.004829883575 > _ageMax(5000)
2013-07-01 15:30:46,406 - DEBUG - temphumi -  trame lireValeur = b'Using pin #17\nData (40): 0x2 0xe5 0x0 0xbd 0xa4\nTemp =  18.9 *C, Hum = 74.1 %\n'
2013-07-01 15:30:46,411 - DEBUG - temphumi -  Temperature: 18.9 C
2013-07-01 15:30:46,415 - DEBUG - temphumi -  Humidité:    74.1 %
2013-07-01 15:30:46,422 - DEBUG - temphumi -  [getTemp]time(1372685446.421659) - _timeMesure(1372685446.411114) = 0.010558128356933594 > _ageMax(5000)
2013-07-01 15:30:46,427 - INFO - test -  Arret Domolas
2013-07-01 16:01:17,812 - INFO - test -  ============================================================
2013-07-01 16:01:17,816 - INFO - test -  Démarrage Domolas
2013-07-01 16:01:17,821 - DEBUG - composant -  Composant "capteur t° n° 0" sur pin 17
2013-07-01 16:01:17,825 - DEBUG - temphumi -  création capteur de température et humidité  "capteur t° n° 0" sur pin 17
2013-07-01 16:01:17,830 - DEBUG - temphumi -  [getTemp]time(1372687277.829603) - _timeMesure(1372682267.82522) = 5010.00439286232 > _ageMax(5000)
2013-07-01 16:01:18,373 - DEBUG - temphumi -  trame lireValeur = b'Using pin #17\nData (40): 0x2 0xde 0x0 0xbd 0x9d\nTemp =  18.9 *C, Hum = 73.4 %\n'
2013-07-01 16:01:18,390 - DEBUG - temphumi -  Temperature: 18.9 C
2013-07-01 16:01:18,395 - DEBUG - temphumi -  Humidité:    73.4 %
2013-07-01 16:01:18,401 - DEBUG - temphumi -  [getTemp]time(1372687278.401302) - _timeMesure(1372687278.390443) = 0.010867834091186523 > _ageMax(5000)
2013-07-01 16:01:18,407 - DEBUG - composant -  Composant "capteur t° n° 1" sur pin 17
2013-07-01 16:01:18,412 - DEBUG - temphumi -  création capteur de température et humidité  "capteur t° n° 1" sur pin 17
2013-07-01 16:01:18,417 - DEBUG - temphumi -  [getTemp]time(1372687278.416666) - _timeMesure(1372682268.411933) = 5010.004743099213 > _ageMax(5000)
2013-07-01 16:01:18,960 - DEBUG - temphumi -  trame lireValeur = b'Using pin #17\nData (40): 0x2 0xe6 0x0 0xbd 0xa5\nTemp =  18.9 *C, Hum = 74.2 %\n'
2013-07-01 16:01:21,917 - DEBUG - temphumi -  Temperature: 18.9 C
2013-07-01 16:01:21,921 - DEBUG - temphumi -  Humidité:    74.2 %
2013-07-01 16:01:21,928 - DEBUG - temphumi -  [getTemp]time(1372687281.927696) - _timeMesure(1372687281.91702) = 0.010685920715332031 > _ageMax(5000)
2013-07-01 16:01:21,933 - INFO - test -  Arret Domolas
2013-07-01 19:03:39,131 - INFO - test -  ============================================================
2013-07-01 19:03:39,136 - INFO - test -  Démarrage Domolas
2013-07-01 19:03:39,141 - DEBUG - composant -  Composant "capteur t° n° 0" sur pin 17
2013-07-01 19:03:39,145 - DEBUG - temphumi -  création capteur de température et humidité  "capteur t° n° 0" sur pin 17
2013-07-01 19:03:39,150 - DEBUG - temphumi -  [getTemp]time(1372698219.14997) - _timeMesure(1372693209.145439) = 5010.0045421123505 > _ageMax(5000)
2013-07-01 19:03:39,693 - DEBUG - temphumi -  trame lireValeur = b'Using pin #17\nData (40): 0x2 0xc9 0x0 0xc1 0x8c\nTemp =  19.3 *C, Hum = 71.3 %\n'
2013-07-01 19:03:39,710 - DEBUG - temphumi -  Temperature: 19.3 C
2013-07-01 19:03:39,715 - DEBUG - temphumi -  Humidité:    71.3 %
2013-07-01 19:03:39,722 - DEBUG - temphumi -  [getTemp]time(1372698219.721428) - _timeMesure(1372698219.710644) = 0.010794878005981445 > _ageMax(5000)
2013-07-01 19:03:39,728 - DEBUG - composant -  Composant "capteur t° n° 1" sur pin 17
2013-07-01 19:03:39,733 - DEBUG - temphumi -  création capteur de température et humidité  "capteur t° n° 1" sur pin 17
2013-07-01 19:03:39,738 - DEBUG - temphumi -  [getTemp]time(1372698219.737847) - _timeMesure(1372693209.732946) = 5010.004912137985 > _ageMax(5000)
2013-07-01 19:03:40,280 - DEBUG - temphumi -  trame lireValeur = b'Using pin #17\nData (40): 0x2 0xd0 0x0 0xc1 0x93\nTemp =  19.3 *C, Hum = 72.0 %\n'
2013-07-01 19:03:40,286 - DEBUG - temphumi -  Temperature: 19.3 C
2013-07-01 19:03:40,290 - DEBUG - temphumi -  Humidité:    72.0 %
2013-07-01 19:03:40,297 - DEBUG - temphumi -  [getTemp]time(1372698220.29684) - _timeMesure(1372698220.285876) = 0.010973930358886719 > _ageMax(5000)
2013-07-01 19:03:40,303 - INFO - test -  Arret Domolas
2013-07-01 19:10:27,800 - INFO - test -  ============================================================
2013-07-01 19:10:27,802 - INFO - test -  Démarrage Domolas
2013-07-01 19:10:32,465 - INFO - test -  Arret Domolas
2013-07-01 19:11:15,980 - INFO - test -  ============================================================
2013-07-01 19:11:15,983 - INFO - test -  Démarrage Domolas
2013-07-01 19:11:15,985 - DEBUG - composant -  Composant "capteur t° n° 0" sur pin 17
2013-07-01 19:11:15,987 - DEBUG - temphumi -  création capteur de température et humidité  "capteur t° n° 0" sur pin 17
2013-07-01 19:11:15,989 - DEBUG - temphumi -  [getTemp]time(1372698675.988963) - _timeMesure(1372693665.98694) = 5010.002034187317 > _ageMax(5000)
2013-07-01 19:11:16,529 - DEBUG - temphumi -  trame lireValeur = b'Using pin #17\nData (40): 0x2 0xcb 0x0 0xc1 0x8e\nTemp =  19.3 *C, Hum = 71.5 %\n'
2013-07-01 19:11:16,544 - DEBUG - temphumi -  Temperature: 19.3 C
2013-07-01 19:11:16,546 - DEBUG - temphumi -  Humidité:    71.5 %
2013-07-01 19:11:16,550 - DEBUG - temphumi -  [getTemp]time(1372698676.549664) - _timeMesure(1372698676.543915) = 0.005759000778198242 > _ageMax(5000)
2013-07-01 19:11:16,554 - DEBUG - composant -  Composant "capteur t° n° 1" sur pin 17
2013-07-01 19:11:16,556 - DEBUG - temphumi -  création capteur de température et humidité  "capteur t° n° 1" sur pin 17
2013-07-01 19:11:16,558 - DEBUG - temphumi -  [getTemp]time(1372698676.557781) - _timeMesure(1372693666.555857) = 5010.001933097839 > _ageMax(5000)
2013-07-01 19:11:17,097 - DEBUG - temphumi -  trame lireValeur = b'Using pin #17\nData (40): 0x2 0xd2 0x0 0xc1 0x95\nTemp =  19.3 *C, Hum = 72.2 %\n'
2013-07-01 19:11:17,100 - DEBUG - temphumi -  Temperature: 19.3 C
2013-07-01 19:11:17,102 - DEBUG - temphumi -  Humidité:    72.2 %
2013-07-01 19:11:17,106 - DEBUG - temphumi -  [getTemp]time(1372698677.105877) - _timeMesure(1372698677.10001) = 0.005877971649169922 > _ageMax(5000)
2013-07-01 19:11:17,110 - INFO - test -  Arret Domolas
